--------------------------------------------------------------------------------
Release 14.6 Trace  (lin64)
Copyright (c) 1995-2013 Xilinx, Inc.  All rights reserved.

/opt/14.6/ISE_DS/ISE/bin/lin64/unwrapped/trce -e 3 -intstyle xflow -xml
NEXYS3.twx NEXYS3.ncd NEXYS3.pcf

Design file:              NEXYS3.ncd
Physical constraint file: NEXYS3.pcf
Device,package,speed:     xc6slx16,csg324,C,-3 (PRODUCTION 1.23 2013-06-08)
Report level:             error report

Environment Variable      Effect 
--------------------      ------ 
NONE                      No environment variables were set
--------------------------------------------------------------------------------

INFO:Timing:3412 - To improve timing, see the Timing Closure User Guide (UG612).
INFO:Timing:2752 - To get complete path coverage, use the unconstrained paths 
   option. All paths that are not constrained will be reported in the 
   unconstrained paths section(s) of the report.
INFO:Timing:3339 - The clock-to-out numbers in this timing report are based on 
   a 50 Ohm transmission line loading model.  For the details of this model, 
   and for more information on accounting for different loading conditions, 
   please see the device datasheet.

================================================================================
Timing constraint: TS_CLK = PERIOD TIMEGRP "CLK_IN" 10 ns HIGH 50% INPUT_JITTER 
0.05 ns;
For more information, see Period Analysis in the Timing Closure User Guide (UG612).

 0 paths analyzed, 0 endpoints analyzed, 0 failing endpoints
 0 timing errors detected. (0 component switching limit errors)
 Minimum period is   5.340ns.
--------------------------------------------------------------------------------

================================================================================
Timing constraint: TS_RXCLK = PERIOD TIMEGRP "RXCLK" 40 ns HIGH 50%;
For more information, see Period Analysis in the Timing Closure User Guide (UG612).

 0 paths analyzed, 0 endpoints analyzed, 0 failing endpoints
 0 timing errors detected. (0 component switching limit errors)
 Minimum period is  16.000ns.
--------------------------------------------------------------------------------

================================================================================
Timing constraint: TS_clkfx = PERIOD TIMEGRP "clkfx" TS_CLK / 0.25 HIGH 50% 
INPUT_JITTER 0.05 ns;
For more information, see Period Analysis in the Timing Closure User Guide (UG612).

 0 paths analyzed, 0 endpoints analyzed, 0 failing endpoints
 0 timing errors detected. (0 component switching limit errors)
 Minimum period is   1.730ns.
--------------------------------------------------------------------------------

================================================================================
Timing constraint: TS_clkfx180 = PERIOD TIMEGRP "clkfx180" TS_CLK / 0.25 PHASE 
20 ns HIGH 50%         INPUT_JITTER 0.05 ns;
For more information, see Period Analysis in the Timing Closure User Guide (UG612).

 0 paths analyzed, 0 endpoints analyzed, 0 failing endpoints
 0 timing errors detected. (0 component switching limit errors)
 Minimum period is   1.730ns.
--------------------------------------------------------------------------------

================================================================================
Timing constraint: TS_clkdv = PERIOD TIMEGRP "clkdv" TS_CLK * 2 HIGH 50% 
INPUT_JITTER 0.05 ns;
For more information, see Period Analysis in the Timing Closure User Guide (UG612).

 53644 paths analyzed, 6259 endpoints analyzed, 0 failing endpoints
 0 timing errors detected. (0 setup errors, 0 hold errors, 0 component switching limit errors)
 Minimum period is   9.319ns.
--------------------------------------------------------------------------------

================================================================================
Timing constraint: TS_INTERNAL_RXCLK_BUF = PERIOD TIMEGRP "INTERNAL_RXCLK_BUF" 
TS_RXCLK PHASE         2.1875 ns HIGH 50%;
For more information, see Period Analysis in the Timing Closure User Guide (UG612).

 1876 paths analyzed, 919 endpoints analyzed, 0 failing endpoints
 0 timing errors detected. (0 setup errors, 0 hold errors, 0 component switching limit errors)
 Minimum period is   5.871ns.
--------------------------------------------------------------------------------


Derived Constraint Report
Derived Constraints for TS_CLK
+-------------------------------+-------------+-------------+-------------+-------------+-------------+-------------+-------------+
|                               |   Period    |       Actual Period       |      Timing Errors        |      Paths Analyzed       |
|           Constraint          | Requirement |-------------+-------------|-------------+-------------|-------------+-------------|
|                               |             |   Direct    | Derivative  |   Direct    | Derivative  |   Direct    | Derivative  |
+-------------------------------+-------------+-------------+-------------+-------------+-------------+-------------+-------------+
|TS_CLK                         |     10.000ns|      5.340ns|      4.660ns|            0|            0|            0|        53644|
| TS_clkfx                      |     40.000ns|      1.730ns|          N/A|            0|            0|            0|            0|
| TS_clkfx180                   |     40.000ns|      1.730ns|          N/A|            0|            0|            0|            0|
| TS_clkdv                      |     20.000ns|      9.319ns|          N/A|            0|            0|        53644|            0|
+-------------------------------+-------------+-------------+-------------+-------------+-------------+-------------+-------------+

Derived Constraints for TS_RXCLK
+-------------------------------+-------------+-------------+-------------+-------------+-------------+-------------+-------------+
|                               |   Period    |       Actual Period       |      Timing Errors        |      Paths Analyzed       |
|           Constraint          | Requirement |-------------+-------------|-------------+-------------|-------------+-------------|
|                               |             |   Direct    | Derivative  |   Direct    | Derivative  |   Direct    | Derivative  |
+-------------------------------+-------------+-------------+-------------+-------------+-------------+-------------+-------------+
|TS_RXCLK                       |     40.000ns|     16.000ns|      5.871ns|            0|            0|            0|         1876|
| TS_INTERNAL_RXCLK_BUF         |     40.000ns|      5.871ns|          N/A|            0|            0|         1876|            0|
+-------------------------------+-------------+-------------+-------------+-------------+-------------+-------------+-------------+

All constraints were met.


Data Sheet report:
-----------------
All values displayed in nanoseconds (ns)

Clock to Setup on destination clock CLK_IN
---------------+---------+---------+---------+---------+
               | Src:Rise| Src:Fall| Src:Rise| Src:Fall|
Source Clock   |Dest:Rise|Dest:Rise|Dest:Fall|Dest:Fall|
---------------+---------+---------+---------+---------+
CLK_IN         |    9.319|         |         |         |
---------------+---------+---------+---------+---------+

Clock to Setup on destination clock RXCLK
---------------+---------+---------+---------+---------+
               | Src:Rise| Src:Fall| Src:Rise| Src:Fall|
Source Clock   |Dest:Rise|Dest:Rise|Dest:Fall|Dest:Fall|
---------------+---------+---------+---------+---------+
RXCLK          |    5.871|         |         |         |
---------------+---------+---------+---------+---------+


Timing summary:
---------------

Timing errors: 0  Score: 0  (Setup/Max: 0, Hold: 0)

Constraints cover 55520 paths, 0 nets, and 13864 connections

Design statistics:
   Minimum period:  16.000ns   (Maximum frequency:  62.500MHz)


Analysis completed Thu Jun 19 15:35:46 2014 
--------------------------------------------------------------------------------

Trace Settings:
-------------------------
Trace Settings 

Peak Memory Usage: 440 MB



